0 info it worked if it ends with ok
1 verbose cli [ 'C:\\Program Files\\nodejs\\node.exe',
1 verbose cli   'C:\\Program Files\\nodejs\\node_modules\\npm\\bin\\npm-cli.js',
1 verbose cli   'run',
1 verbose cli   'build' ]
2 info using npm@3.10.10
3 info using node@v6.10.1
4 verbose run-script [ 'prebuild', 'build', 'postbuild' ]
5 info lifecycle ts-webpack@1.0.0~prebuild: ts-webpack@1.0.0
6 silly lifecycle ts-webpack@1.0.0~prebuild: no script for prebuild, continuing
7 info lifecycle ts-webpack@1.0.0~build: ts-webpack@1.0.0
8 verbose lifecycle ts-webpack@1.0.0~build: unsafe-perm in lifecycle true
9 verbose lifecycle ts-webpack@1.0.0~build: PATH: C:\Program Files\nodejs\node_modules\npm\bin\node-gyp-bin;C:\Users\Coridyn\WidgetWorks\vendor\sourcemap-test\ts-webpack\node_modules\.bin;C:\Users\Coridyn\bin;C:\Program Files\Git\mingw64\bin;C:\Program Files\Git\usr\local\bin;C:\Program Files\Git\usr\bin;C:\Program Files\Git\usr\bin;C:\Program Files\Git\mingw64\bin;C:\Program Files\Git\usr\bin;C:\Users\Coridyn\bin;C:\Program Files\ConEmu\ConEmu\Scripts;C:\Program Files (x86)\NVIDIA Corporation\PhysX\Common;C:\Program Files\ImageMagick-6.9.2-Q16;C:\ProgramData\Oracle\Java\javapath;C:\WINDOWS;C:\WINDOWS\system32;C:\WINDOWS\System32\Wbem;C:\WINDOWS\System32\WindowsPowerShell\v1.0;C:\MinGW\bin;C:\Program Files (x86)\Common Files\Microsoft Shared\Microsoft Online Services;C:\Program Files (x86)\EaseUS\Todo Backup\bin\x64;%GIT_HOME;C:\Program Files (x86)\Growl for Windows;C:\Program Files (x86)\Heroku\bin;C:\Program Files\Common Files\Microsoft Shared\Microsoft Online Services;C:\Program Files\ConEmu;C:\Program Files\ConEmu\ConEmu;C:\Program Files\Java\jdk1.8.0_121\bin;C:\Program Files\Microsoft SQL Server\110\Tools\Binn;C:\Program Files\SlikSvn\bin;C:\Program Files\Sublime Text 3;C:\scripts;C:\Windows;C:\Windows\system32;C:\Windows\System32\Wbem;C:\Windows\System32\WindowsPowerShell\v1.0;C:\Program Files\Microsoft\Web Platform Installer;C:\Program Files\Microsoft SQL Server\120\Tools\Binn;C:\Users\Coridyn\.dnx\bin;C:\Program Files\Microsoft DNX\Dnvm;C:\Program Files\Git\cmd;C:\path-utils;C:\Program Files\erl7.0\bin;C:\Program Files (x86)\Elixir\bin;C:\Program Files (x86)\Windows Kits\10\Windows Performance Toolkit;C:\WINDOWS\system32;C:\WINDOWS;C:\WINDOWS\System32\Wbem;C:\WINDOWS\System32\WindowsPowerShell\v1.0;C:\Users\Coridyn\AppData\Local\Microsoft\WindowsApps;C:\Program Files (x86)\git\cmd;C:\Program Files (x86)\Skype\Phone;C:\Program Files\nodejs;C:\Program Files (x86)\Yarn\bin;C:\Ruby23\bin;C:\adt-bundle-windows-x86_64-20130917\sdk\platform-tools;C:\apache-ant-1.9.2\bin;C:\ffmpeg-20140416-git-256f530-win32-static\bin;C:\s3cmd-1.5.0-alpha1;C:\graphviz\bin;C:\Python27;C:\Program Files\smartmontools\bin;C:\Users\Coridyn\AppData\Local\atom\bin;C:\Program Files (x86)\Microsoft VS Code\bin;C:\Users\Coridyn\AppData\Local\Microsoft\WindowsApps;C:\caddy;C:\Users\Coridyn\AppData\Roaming\npm;C:\Users\Coridyn\AppData\Local\Yarn\.bin;C:\Program Files\Git\usr\bin\vendor_perl;C:\Program Files\Git\usr\bin\core_perl
10 verbose lifecycle ts-webpack@1.0.0~build: CWD: C:\Users\Coridyn\WidgetWorks\vendor\sourcemap-test\ts-webpack
11 silly lifecycle ts-webpack@1.0.0~build: Args: [ '/d /s /c', 'npm run clean && webpack' ]
12 silly lifecycle ts-webpack@1.0.0~build: Returned: code: 1  signal: null
13 info lifecycle ts-webpack@1.0.0~build: Failed to exec build script
14 verbose stack Error: ts-webpack@1.0.0 build: `npm run clean && webpack`
14 verbose stack Exit status 1
14 verbose stack     at EventEmitter.<anonymous> (C:\Program Files\nodejs\node_modules\npm\lib\utils\lifecycle.js:255:16)
14 verbose stack     at emitTwo (events.js:106:13)
14 verbose stack     at EventEmitter.emit (events.js:191:7)
14 verbose stack     at ChildProcess.<anonymous> (C:\Program Files\nodejs\node_modules\npm\lib\utils\spawn.js:40:14)
14 verbose stack     at emitTwo (events.js:106:13)
14 verbose stack     at ChildProcess.emit (events.js:191:7)
14 verbose stack     at maybeClose (internal/child_process.js:886:16)
14 verbose stack     at Process.ChildProcess._handle.onexit (internal/child_process.js:226:5)
15 verbose pkgid ts-webpack@1.0.0
16 verbose cwd C:\Users\Coridyn\WidgetWorks\vendor\sourcemap-test\ts-webpack
17 error Windows_NT 10.0.15063
18 error argv "C:\\Program Files\\nodejs\\node.exe" "C:\\Program Files\\nodejs\\node_modules\\npm\\bin\\npm-cli.js" "run" "build"
19 error node v6.10.1
20 error npm  v3.10.10
21 error code ELIFECYCLE
22 error ts-webpack@1.0.0 build: `npm run clean && webpack`
22 error Exit status 1
23 error Failed at the ts-webpack@1.0.0 build script 'npm run clean && webpack'.
23 error Make sure you have the latest version of node.js and npm installed.
23 error If you do, this is most likely a problem with the ts-webpack package,
23 error not with npm itself.
23 error Tell the author that this fails on your system:
23 error     npm run clean && webpack
23 error You can get information on how to open an issue for this project with:
23 error     npm bugs ts-webpack
23 error Or if that isn't available, you can get their info via:
23 error     npm owner ls ts-webpack
23 error There is likely additional logging output above.
24 verbose exit [ 1, true ]
